<?xml version="1.0" encoding="UTF-8"?>
<testng-results ignored="1" total="2" passed="1" failed="0" skipped="0">
  <reporter-output>
  </reporter-output>
  <suite started-at="2024-05-19T14:16:06 IST" name="Default suite" finished-at="2024-05-19T14:16:25 IST" duration-ms="18729">
    <groups>
    </groups>
    <test started-at="2024-05-19T14:16:06 IST" name="Default test" finished-at="2024-05-19T14:16:25 IST" duration-ms="18729">
      <class name="com.ecommerce.dawnTheme.checkout">
        <test-method is-config="true" signature="beforeClass()[pri:0, instance:com.ecommerce.dawnTheme.checkout@2e3967ea]" started-at="2024-05-19T14:16:06 IST" name="beforeClass" finished-at="2024-05-19T14:16:09 IST" duration-ms="2915" status="PASS">
          <reporter-output>
          </reporter-output>
        </test-method> <!-- beforeClass -->
        <test-method is-config="true" signature="beforeMethod()[pri:0, instance:com.ecommerce.dawnTheme.checkout@2e3967ea]" started-at="2024-05-19T14:16:09 IST" name="beforeMethod" finished-at="2024-05-19T14:16:10 IST" duration-ms="1003" status="PASS">
          <reporter-output>
          </reporter-output>
        </test-method> <!-- beforeMethod -->
        <test-method signature="buyProdcut()[pri:0, instance:com.ecommerce.dawnTheme.checkout@2e3967ea]" started-at="2024-05-19T14:16:10 IST" name="buyProdcut" finished-at="2024-05-19T14:16:20 IST" duration-ms="9747" status="PASS">
          <reporter-output>
          </reporter-output>
        </test-method> <!-- buyProdcut -->
        <test-method is-config="true" signature="afterClass()[pri:0, instance:com.ecommerce.dawnTheme.checkout@2e3967ea]" started-at="2024-05-19T14:16:20 IST" name="afterClass" finished-at="2024-05-19T14:16:25 IST" duration-ms="5004" status="PASS">
          <reporter-output>
          </reporter-output>
        </test-method> <!-- afterClass -->
      </class> <!-- com.ecommerce.dawnTheme.checkout -->
    </test> <!-- Default test -->
  </suite> <!-- Default suite -->
</testng-results>
