<?xml version="1.0" encoding="UTF-8"?>
<testng-results ignored="0" total="3" passed="3" failed="0" skipped="0">
  <reporter-output>
  </reporter-output>
  <suite started-at="2024-05-19T22:44:50 IST" name="Default suite" finished-at="2024-05-19T22:45:15 IST" duration-ms="24452">
    <groups>
    </groups>
    <test started-at="2024-05-19T22:44:50 IST" name="Default test" finished-at="2024-05-19T22:45:15 IST" duration-ms="24452">
      <class name="com.ecommerce.dawnTheme.VerifyCartNotification">
        <test-method is-config="true" signature="beforeClass()[pri:0, instance:com.ecommerce.dawnTheme.VerifyCartNotification@60bd273d]" started-at="2024-05-19T22:44:51 IST" name="beforeClass" finished-at="2024-05-19T22:44:53 IST" duration-ms="2213" status="PASS">
          <reporter-output>
          </reporter-output>
        </test-method> <!-- beforeClass -->
        <test-method is-config="true" signature="beforeMethod()[pri:0, instance:com.ecommerce.dawnTheme.VerifyCartNotification@60bd273d]" started-at="2024-05-19T22:44:53 IST" name="beforeMethod" finished-at="2024-05-19T22:44:54 IST" duration-ms="1005" status="PASS">
          <reporter-output>
          </reporter-output>
        </test-method> <!-- beforeMethod -->
        <test-method signature="buyProdcut()[pri:0, instance:com.ecommerce.dawnTheme.VerifyCartNotification@60bd273d]" started-at="2024-05-19T22:44:54 IST" name="buyProdcut" finished-at="2024-05-19T22:45:02 IST" duration-ms="8583" status="PASS">
          <reporter-output>
          </reporter-output>
        </test-method> <!-- buyProdcut -->
        <test-method is-config="true" signature="beforeMethod()[pri:0, instance:com.ecommerce.dawnTheme.VerifyCartNotification@60bd273d]" started-at="2024-05-19T22:45:02 IST" name="beforeMethod" finished-at="2024-05-19T22:45:03 IST" duration-ms="1006" status="PASS">
          <reporter-output>
          </reporter-output>
        </test-method> <!-- beforeMethod -->
        <test-method signature="addToCart()[pri:2, instance:com.ecommerce.dawnTheme.VerifyCartNotification@60bd273d]" started-at="2024-05-19T22:45:03 IST" name="addToCart" finished-at="2024-05-19T22:45:08 IST" depends-on-methods="com.ecommerce.dawnTheme.VerifyCartNotification.buyProdcut" duration-ms="4921" status="PASS">
          <reporter-output>
          </reporter-output>
        </test-method> <!-- addToCart -->
        <test-method is-config="true" signature="beforeMethod()[pri:0, instance:com.ecommerce.dawnTheme.VerifyCartNotification@60bd273d]" started-at="2024-05-19T22:45:08 IST" name="beforeMethod" finished-at="2024-05-19T22:45:09 IST" duration-ms="1010" status="PASS">
          <reporter-output>
          </reporter-output>
        </test-method> <!-- beforeMethod -->
        <test-method signature="cartPage()[pri:3, instance:com.ecommerce.dawnTheme.VerifyCartNotification@60bd273d]" started-at="2024-05-19T22:45:09 IST" name="cartPage" finished-at="2024-05-19T22:45:10 IST" depends-on-methods="com.ecommerce.dawnTheme.VerifyCartNotification.addToCart" duration-ms="666" status="PASS">
          <reporter-output>
          </reporter-output>
        </test-method> <!-- cartPage -->
        <test-method is-config="true" signature="afterClass()[pri:0, instance:com.ecommerce.dawnTheme.VerifyCartNotification@60bd273d]" started-at="2024-05-19T22:45:10 IST" name="afterClass" finished-at="2024-05-19T22:45:15 IST" duration-ms="5004" status="PASS">
          <reporter-output>
          </reporter-output>
        </test-method> <!-- afterClass -->
      </class> <!-- com.ecommerce.dawnTheme.VerifyCartNotification -->
    </test> <!-- Default test -->
  </suite> <!-- Default suite -->
</testng-results>
