<?xml version="1.0" encoding="UTF-8"?>
<!-- Generated by org.testng.reporters.JUnitXMLReporter -->
<testsuite ignored="1" hostname="DESKTOP-6JOMMLI" failures="0" tests="1" name="Default test" time="18.729" errors="0" timestamp="2024-05-19T14:16:25 IST">
  <testcase classname="com.ecommerce.dawnTheme.checkout" name="buyProdcut" time="9.747"/>
  <testcase classname="com.ecommerce.dawnTheme.checkout" name="addToCart" time="0.0">
    <ignored/>
  </testcase> <!-- addToCart -->
</testsuite> <!-- Default test -->
