<?xml version="1.0" encoding="UTF-8"?>
<!-- Generated by org.testng.reporters.JUnitXMLReporter -->
<testsuite ignored="0" hostname="DESKTOP-6JOMMLI" failures="0" tests="3" name="Default test" time="24.452" errors="0" timestamp="2024-05-19T22:45:15 IST">
  <testcase classname="com.ecommerce.dawnTheme.VerifyCartNotification" name="buyProdcut" time="8.583"/>
  <testcase classname="com.ecommerce.dawnTheme.VerifyCartNotification" name="addToCart" time="4.921"/>
  <testcase classname="com.ecommerce.dawnTheme.VerifyCartNotification" name="cartPage" time="0.666"/>
</testsuite> <!-- Default test -->
